2011.02.12 14:05 B F:\httpdocs\admin\images\activate.gif <-- www.amytravel.in /httpdocs/admin/images activate.gif
2011.02.12 14:05 B F:\httpdocs\admin\images\add.gif <-- www.amytravel.in /httpdocs/admin/images add.gif
2011.02.12 14:05 B F:\httpdocs\admin\images\back.gif <-- www.amytravel.in /httpdocs/admin/images back.gif
2011.02.12 14:05 B F:\httpdocs\admin\images\backup_restore.gif <-- www.amytravel.in /httpdocs/admin/images backup_restore.gif
2011.02.12 14:05 B F:\httpdocs\admin\images\bg_header.jpg <-- www.amytravel.in /httpdocs/admin/images bg_header.jpg
2011.02.12 14:05 B F:\httpdocs\admin\images\bg_header_down.jpg <-- www.amytravel.in /httpdocs/admin/images bg_header_down.jpg
2011.02.12 14:05 B F:\httpdocs\admin\images\bg_header_sortable.jpg <-- www.amytravel.in /httpdocs/admin/images bg_header_sortable.jpg
2011.02.12 14:06 B F:\httpdocs\admin\images\bg_header_sorting.jpg <-- www.amytravel.in /httpdocs/admin/images bg_header_sorting.jpg
2011.02.12 14:06 B F:\httpdocs\admin\images\bg_header_up.jpg <-- www.amytravel.in /httpdocs/admin/images bg_header_up.jpg
2011.02.12 14:06 B F:\httpdocs\admin\images\browse.png <-- www.amytravel.in /httpdocs/admin/images browse.png
2011.02.12 14:06 B F:\httpdocs\admin\images\bullet1.gif <-- www.amytravel.in /httpdocs/admin/images bullet1.gif
2011.02.12 14:06 B F:\httpdocs\admin\images\bullet2.gif <-- www.amytravel.in /httpdocs/admin/images bullet2.gif
2011.02.12 14:06 B F:\httpdocs\admin\images\cancelbutton.gif <-- www.amytravel.in /httpdocs/admin/images cancelbutton.gif
2011.02.12 14:06 B F:\httpdocs\admin\images\col_alt.jpg <-- www.amytravel.in /httpdocs/admin/images col_alt.jpg
2011.02.12 14:06 B F:\httpdocs\admin\images\deactivate.gif <-- www.amytravel.in /httpdocs/admin/images deactivate.gif
2011.02.12 14:06 B F:\httpdocs\admin\images\delete.png <-- www.amytravel.in /httpdocs/admin/images delete.png
2011.02.12 14:06 B F:\httpdocs\admin\images\details.png <-- www.amytravel.in /httpdocs/admin/images details.png
2011.02.12 14:06 B F:\httpdocs\admin\images\down_arrow.gif <-- www.amytravel.in /httpdocs/admin/images down_arrow.gif
2011.02.12 14:06 B F:\httpdocs\admin\images\edit.png <-- www.amytravel.in /httpdocs/admin/images edit.png
2011.02.12 14:06 B F:\httpdocs\admin\images\error.gif <-- www.amytravel.in /httpdocs/admin/images error.gif
2011.02.12 14:06 B F:\httpdocs\admin\images\expand_btn.gif <-- www.amytravel.in /httpdocs/admin/images expand_btn.gif
2011.02.12 14:06 B F:\httpdocs\admin\images\gradient.gif <-- www.amytravel.in /httpdocs/admin/images gradient.gif
2011.02.12 14:06 B F:\httpdocs\admin\images\listing_add_sublisting.gif <-- www.amytravel.in /httpdocs/admin/images listing_add_sublisting.gif
2011.02.12 14:06 B F:\httpdocs\admin\images\listing_delete.png <-- www.amytravel.in /httpdocs/admin/images listing_delete.png
2011.02.12 14:06 B F:\httpdocs\admin\images\listing_images.png <-- www.amytravel.in /httpdocs/admin/images listing_images.png
2011.02.12 14:06 B F:\httpdocs\admin\images\listing_preview.jpg <-- www.amytravel.in /httpdocs/admin/images listing_preview.jpg
2011.02.12 14:06 B F:\httpdocs\admin\images\listing_save.jpg <-- www.amytravel.in /httpdocs/admin/images listing_save.jpg
2011.02.12 14:06 B F:\httpdocs\admin\images\listing_videos.png <-- www.amytravel.in /httpdocs/admin/images listing_videos.png
2011.02.12 14:06 B F:\httpdocs\admin\images\listings.png <-- www.amytravel.in /httpdocs/admin/images listings.png
2011.02.12 14:06 B F:\httpdocs\admin\images\loading.gif <-- www.amytravel.in /httpdocs/admin/images loading.gif
2011.02.12 14:06 B F:\httpdocs\admin\images\manage_images.gif <-- www.amytravel.in /httpdocs/admin/images manage_images.gif
2011.02.12 14:06 B F:\httpdocs\admin\images\manage_videos.png <-- www.amytravel.in /httpdocs/admin/images manage_videos.png
2011.02.12 14:06 B F:\httpdocs\admin\images\minus.gif <-- www.amytravel.in /httpdocs/admin/images minus.gif
2011.02.12 14:06 B F:\httpdocs\admin\images\next.gif <-- www.amytravel.in /httpdocs/admin/images next.gif
2011.02.12 14:06 B F:\httpdocs\admin\images\packages_prices.png <-- www.amytravel.in /httpdocs/admin/images packages_prices.png
2011.02.12 14:07 B F:\httpdocs\admin\images\plus.gif <-- www.amytravel.in /httpdocs/admin/images plus.gif
2011.02.12 14:07 B F:\httpdocs\admin\images\preview.gif <-- www.amytravel.in /httpdocs/admin/images preview.gif
2011.02.12 14:07 B F:\httpdocs\admin\images\progress_bar.gif <-- www.amytravel.in /httpdocs/admin/images progress_bar.gif
2011.02.12 14:07 B F:\httpdocs\admin\images\settings.png <-- www.amytravel.in /httpdocs/admin/images settings.png
2011.02.12 14:07 B F:\httpdocs\admin\images\shade.gif <-- www.amytravel.in /httpdocs/admin/images shade.gif
2011.02.12 14:07 B F:\httpdocs\admin\images\shadeactive.gif <-- www.amytravel.in /httpdocs/admin/images shadeactive.gif
2011.02.12 14:07 B F:\httpdocs\admin\images\success.gif <-- www.amytravel.in /httpdocs/admin/images success.gif
2011.02.12 14:07 B F:\httpdocs\admin\images\td_alt.jpg <-- www.amytravel.in /httpdocs/admin/images td_alt.jpg
2011.02.12 14:07 B F:\httpdocs\admin\images\toobig.gif <-- www.amytravel.in /httpdocs/admin/images toobig.gif
2011.02.12 14:07 B F:\httpdocs\admin\images\up_arrow.gif <-- www.amytravel.in /httpdocs/admin/images up_arrow.gif
2011.02.12 14:07 B F:\httpdocs\admin\images\uploadlimit.gif <-- www.amytravel.in /httpdocs/admin/images uploadlimit.gif
2011.02.12 14:07 B F:\httpdocs\admin\images\user.gif <-- www.amytravel.in /httpdocs/admin/images user.gif
2011.02.12 14:07 B F:\httpdocs\admin\images\video.gif <-- www.amytravel.in /httpdocs/admin/images video.gif
2011.02.12 14:07 B F:\httpdocs\admin\images\zerobyte.gif <-- www.amytravel.in /httpdocs/admin/images zerobyte.gif
