2011.02.12 14:30 B F:\httpdocs\smarty\internals\core.assemble_plugin_filepath.php <-- www.amytravel.in /httpdocs/smarty/internals core.assemble_plugin_filepath.php
2011.02.12 14:30 B F:\httpdocs\smarty\internals\core.assign_smarty_interface.php <-- www.amytravel.in /httpdocs/smarty/internals core.assign_smarty_interface.php
2011.02.12 14:30 B F:\httpdocs\smarty\internals\core.create_dir_structure.php <-- www.amytravel.in /httpdocs/smarty/internals core.create_dir_structure.php
2011.02.12 14:30 B F:\httpdocs\smarty\internals\core.display_debug_console.php <-- www.amytravel.in /httpdocs/smarty/internals core.display_debug_console.php
2011.02.12 14:30 B F:\httpdocs\smarty\internals\core.get_include_path.php <-- www.amytravel.in /httpdocs/smarty/internals core.get_include_path.php
2011.02.12 14:30 B F:\httpdocs\smarty\internals\core.get_microtime.php <-- www.amytravel.in /httpdocs/smarty/internals core.get_microtime.php
2011.02.12 14:30 B F:\httpdocs\smarty\internals\core.get_php_resource.php <-- www.amytravel.in /httpdocs/smarty/internals core.get_php_resource.php
2011.02.12 14:30 B F:\httpdocs\smarty\internals\core.is_secure.php <-- www.amytravel.in /httpdocs/smarty/internals core.is_secure.php
2011.02.12 14:31 B F:\httpdocs\smarty\internals\core.is_trusted.php <-- www.amytravel.in /httpdocs/smarty/internals core.is_trusted.php
2011.02.12 14:31 B F:\httpdocs\smarty\internals\core.load_plugins.php <-- www.amytravel.in /httpdocs/smarty/internals core.load_plugins.php
2011.02.12 14:31 B F:\httpdocs\smarty\internals\core.load_resource_plugin.php <-- www.amytravel.in /httpdocs/smarty/internals core.load_resource_plugin.php
2011.02.12 14:31 B F:\httpdocs\smarty\internals\core.process_cached_inserts.php <-- www.amytravel.in /httpdocs/smarty/internals core.process_cached_inserts.php
2011.02.12 14:31 B F:\httpdocs\smarty\internals\core.process_compiled_include.php <-- www.amytravel.in /httpdocs/smarty/internals core.process_compiled_include.php
2011.02.12 14:31 B F:\httpdocs\smarty\internals\core.read_cache_file.php <-- www.amytravel.in /httpdocs/smarty/internals core.read_cache_file.php
2011.02.12 14:31 B F:\httpdocs\smarty\internals\core.rm_auto.php <-- www.amytravel.in /httpdocs/smarty/internals core.rm_auto.php
2011.02.12 14:31 B F:\httpdocs\smarty\internals\core.rmdir.php <-- www.amytravel.in /httpdocs/smarty/internals core.rmdir.php
2011.02.12 14:31 B F:\httpdocs\smarty\internals\core.run_insert_handler.php <-- www.amytravel.in /httpdocs/smarty/internals core.run_insert_handler.php
2011.02.12 14:31 B F:\httpdocs\smarty\internals\core.smarty_include_php.php <-- www.amytravel.in /httpdocs/smarty/internals core.smarty_include_php.php
2011.02.12 14:31 B F:\httpdocs\smarty\internals\core.write_cache_file.php <-- www.amytravel.in /httpdocs/smarty/internals core.write_cache_file.php
2011.02.12 14:31 B F:\httpdocs\smarty\internals\core.write_compiled_include.php <-- www.amytravel.in /httpdocs/smarty/internals core.write_compiled_include.php
2011.02.12 14:31 B F:\httpdocs\smarty\internals\core.write_compiled_resource.php <-- www.amytravel.in /httpdocs/smarty/internals core.write_compiled_resource.php
2011.02.12 14:31 B F:\httpdocs\smarty\internals\core.write_file.php <-- www.amytravel.in /httpdocs/smarty/internals core.write_file.php
