2011.02.12 14:34 B F:\httpdocs\templates\admin\add_admin.tpl <-- www.amytravel.in /httpdocs/templates/admin add_admin.tpl
2011.02.12 14:34 B F:\httpdocs\templates\admin\add_article.tpl <-- www.amytravel.in /httpdocs/templates/admin add_article.tpl
2011.02.12 14:34 B F:\httpdocs\templates\admin\add_banner.tpl <-- www.amytravel.in /httpdocs/templates/admin add_banner.tpl
2011.02.12 14:34 B F:\httpdocs\templates\admin\add_category.tpl <-- www.amytravel.in /httpdocs/templates/admin add_category.tpl
2011.02.12 14:34 B F:\httpdocs\templates\admin\add_country.tpl <-- www.amytravel.in /httpdocs/templates/admin add_country.tpl
2011.02.12 14:35 B F:\httpdocs\templates\admin\add_currency.tpl <-- www.amytravel.in /httpdocs/templates/admin add_currency.tpl
2011.02.12 14:35 B F:\httpdocs\templates\admin\add_language.tpl <-- www.amytravel.in /httpdocs/templates/admin add_language.tpl
2011.02.12 14:35 B F:\httpdocs\templates\admin\add_listing.tpl <-- www.amytravel.in /httpdocs/templates/admin add_listing.tpl
2011.02.12 14:35 B F:\httpdocs\templates\admin\add_member.tpl <-- www.amytravel.in /httpdocs/templates/admin add_member.tpl
2011.02.12 14:35 B F:\httpdocs\templates\admin\add_news.tpl <-- www.amytravel.in /httpdocs/templates/admin add_news.tpl
2011.02.12 14:35 B F:\httpdocs\templates\admin\add_package.tpl <-- www.amytravel.in /httpdocs/templates/admin add_package.tpl
2011.02.12 14:35 B F:\httpdocs\templates\admin\add_page.tpl <-- www.amytravel.in /httpdocs/templates/admin add_page.tpl
2011.02.12 14:35 B F:\httpdocs\templates\admin\add_subscriber_email.tpl <-- www.amytravel.in /httpdocs/templates/admin add_subscriber_email.tpl
2011.02.12 14:35 B F:\httpdocs\templates\admin\add_type_c.tpl <-- www.amytravel.in /httpdocs/templates/admin add_type_c.tpl
2011.02.12 14:35 B F:\httpdocs\templates\admin\admins.tpl <-- www.amytravel.in /httpdocs/templates/admin admins.tpl
2011.02.12 14:35 B F:\httpdocs\templates\admin\ads.tpl <-- www.amytravel.in /httpdocs/templates/admin ads.tpl
2011.02.12 14:35 B F:\httpdocs\templates\admin\articles.tpl <-- www.amytravel.in /httpdocs/templates/admin articles.tpl
2011.02.12 14:35 B F:\httpdocs\templates\admin\backup.tpl <-- www.amytravel.in /httpdocs/templates/admin backup.tpl
2011.02.12 14:35 B F:\httpdocs\templates\admin\booking_details.tpl <-- www.amytravel.in /httpdocs/templates/admin booking_details.tpl
2011.02.12 14:35 B F:\httpdocs\templates\admin\bookings.tpl <-- www.amytravel.in /httpdocs/templates/admin bookings.tpl
2011.02.12 14:35 B F:\httpdocs\templates\admin\categories.tpl <-- www.amytravel.in /httpdocs/templates/admin categories.tpl
2011.02.12 14:35 B F:\httpdocs\templates\admin\countries.tpl <-- www.amytravel.in /httpdocs/templates/admin countries.tpl
2011.02.12 14:35 B F:\httpdocs\templates\admin\currency.tpl <-- www.amytravel.in /httpdocs/templates/admin currency.tpl
2011.02.12 14:35 B F:\httpdocs\templates\admin\delete_category.tpl <-- www.amytravel.in /httpdocs/templates/admin delete_category.tpl
2011.02.12 14:35 B F:\httpdocs\templates\admin\delete_member.tpl <-- www.amytravel.in /httpdocs/templates/admin delete_member.tpl
2011.02.12 14:35 B F:\httpdocs\templates\admin\edit_admin.tpl <-- www.amytravel.in /httpdocs/templates/admin edit_admin.tpl
2011.02.12 14:35 B F:\httpdocs\templates\admin\edit_article.tpl <-- www.amytravel.in /httpdocs/templates/admin edit_article.tpl
2011.02.12 14:35 B F:\httpdocs\templates\admin\edit_banner.tpl <-- www.amytravel.in /httpdocs/templates/admin edit_banner.tpl
2011.02.12 14:35 B F:\httpdocs\templates\admin\edit_booking_details.tpl <-- www.amytravel.in /httpdocs/templates/admin edit_booking_details.tpl
2011.02.12 14:35 B F:\httpdocs\templates\admin\edit_category.tpl <-- www.amytravel.in /httpdocs/templates/admin edit_category.tpl
2011.02.12 14:35 B F:\httpdocs\templates\admin\edit_country.tpl <-- www.amytravel.in /httpdocs/templates/admin edit_country.tpl
2011.02.12 14:35 B F:\httpdocs\templates\admin\edit_currency.tpl <-- www.amytravel.in /httpdocs/templates/admin edit_currency.tpl
2011.02.12 14:35 B F:\httpdocs\templates\admin\edit_email_template.tpl <-- www.amytravel.in /httpdocs/templates/admin edit_email_template.tpl
2011.02.12 14:35 B F:\httpdocs\templates\admin\edit_image.tpl <-- www.amytravel.in /httpdocs/templates/admin edit_image.tpl
2011.02.12 14:35 B F:\httpdocs\templates\admin\edit_language.tpl <-- www.amytravel.in /httpdocs/templates/admin edit_language.tpl
2011.02.12 14:35 B F:\httpdocs\templates\admin\edit_listing.tpl <-- www.amytravel.in /httpdocs/templates/admin edit_listing.tpl
2011.02.12 14:35 B F:\httpdocs\templates\admin\edit_location.tpl <-- www.amytravel.in /httpdocs/templates/admin edit_location.tpl
2011.02.12 14:36 B F:\httpdocs\templates\admin\edit_member.tpl <-- www.amytravel.in /httpdocs/templates/admin edit_member.tpl
2011.02.12 14:36 B F:\httpdocs\templates\admin\edit_news.tpl <-- www.amytravel.in /httpdocs/templates/admin edit_news.tpl
2011.02.12 14:36 B F:\httpdocs\templates\admin\edit_package.tpl <-- www.amytravel.in /httpdocs/templates/admin edit_package.tpl
2011.02.12 14:36 B F:\httpdocs\templates\admin\edit_page.tpl <-- www.amytravel.in /httpdocs/templates/admin edit_page.tpl
2011.02.12 14:36 B F:\httpdocs\templates\admin\edit_state.tpl <-- www.amytravel.in /httpdocs/templates/admin edit_state.tpl
2011.02.12 14:36 B F:\httpdocs\templates\admin\edit_type_c.tpl <-- www.amytravel.in /httpdocs/templates/admin edit_type_c.tpl
2011.02.12 14:36 B F:\httpdocs\templates\admin\email_templates.tpl <-- www.amytravel.in /httpdocs/templates/admin email_templates.tpl
2011.02.12 14:36 B F:\httpdocs\templates\admin\errors.tpl <-- www.amytravel.in /httpdocs/templates/admin errors.tpl
2011.02.12 14:36 B F:\httpdocs\templates\admin\flvplayer.tpl <-- www.amytravel.in /httpdocs/templates/admin flvplayer.tpl
2011.02.12 14:36 B F:\httpdocs\templates\admin\footer.tpl <-- www.amytravel.in /httpdocs/templates/admin footer.tpl
2011.02.12 14:36 B F:\httpdocs\templates\admin\header.tpl <-- www.amytravel.in /httpdocs/templates/admin header.tpl
2011.02.12 14:36 B F:\httpdocs\templates\admin\html_editor.tpl <-- www.amytravel.in /httpdocs/templates/admin html_editor.tpl
2011.02.12 14:36 B F:\httpdocs\templates\admin\images.tpl <-- www.amytravel.in /httpdocs/templates/admin images.tpl
2011.02.12 14:36 B F:\httpdocs\templates\admin\index.tpl <-- www.amytravel.in /httpdocs/templates/admin index.tpl
2011.02.12 14:36 B F:\httpdocs\templates\admin\languages.tpl <-- www.amytravel.in /httpdocs/templates/admin languages.tpl
2011.02.12 14:36 B F:\httpdocs\templates\admin\listing_info_box.tpl <-- www.amytravel.in /httpdocs/templates/admin listing_info_box.tpl
2011.02.12 14:36 B F:\httpdocs\templates\admin\listing_tip.tpl <-- www.amytravel.in /httpdocs/templates/admin listing_tip.tpl
2011.02.12 14:36 B F:\httpdocs\templates\admin\listings.tpl <-- www.amytravel.in /httpdocs/templates/admin listings.tpl
2011.02.12 14:36 B F:\httpdocs\templates\admin\listings_expired.tpl <-- www.amytravel.in /httpdocs/templates/admin listings_expired.tpl
2011.02.12 14:36 B F:\httpdocs\templates\admin\locations.tpl <-- www.amytravel.in /httpdocs/templates/admin locations.tpl
2011.02.12 14:36 B F:\httpdocs\templates\admin\login.tpl <-- www.amytravel.in /httpdocs/templates/admin login.tpl
2011.02.12 14:36 B F:\httpdocs\templates\admin\main.tpl <-- www.amytravel.in /httpdocs/templates/admin main.tpl
2011.02.12 14:36 B F:\httpdocs\templates\admin\map.tpl <-- www.amytravel.in /httpdocs/templates/admin map.tpl
2011.02.12 14:36 B F:\httpdocs\templates\admin\map_choose.tpl <-- www.amytravel.in /httpdocs/templates/admin map_choose.tpl
2011.02.12 14:36 B F:\httpdocs\templates\admin\map_listing_baloon.tpl <-- www.amytravel.in /httpdocs/templates/admin map_listing_baloon.tpl
2011.02.12 14:36 B F:\httpdocs\templates\admin\marketing_emails.tpl <-- www.amytravel.in /httpdocs/templates/admin marketing_emails.tpl
2011.02.12 14:36 B F:\httpdocs\templates\admin\marketing_history.tpl <-- www.amytravel.in /httpdocs/templates/admin marketing_history.tpl
2011.02.12 14:36 B F:\httpdocs\templates\admin\marketing_history_details.tpl <-- www.amytravel.in /httpdocs/templates/admin marketing_history_details.tpl
2011.02.12 14:36 B F:\httpdocs\templates\admin\members.tpl <-- www.amytravel.in /httpdocs/templates/admin members.tpl
2011.02.12 14:36 B F:\httpdocs\templates\admin\menu.tpl <-- www.amytravel.in /httpdocs/templates/admin menu.tpl
2011.02.12 14:36 B F:\httpdocs\templates\admin\msg.tpl <-- www.amytravel.in /httpdocs/templates/admin msg.tpl
2011.02.12 14:37 B F:\httpdocs\templates\admin\news.tpl <-- www.amytravel.in /httpdocs/templates/admin news.tpl
2011.02.12 14:37 B F:\httpdocs\templates\admin\packages.tpl <-- www.amytravel.in /httpdocs/templates/admin packages.tpl
2011.02.12 14:37 B F:\httpdocs\templates\admin\pages.tpl <-- www.amytravel.in /httpdocs/templates/admin pages.tpl
2011.02.12 14:37 B F:\httpdocs\templates\admin\payment_gw.tpl <-- www.amytravel.in /httpdocs/templates/admin payment_gw.tpl
2011.02.12 14:37 B F:\httpdocs\templates\admin\send_newsletter.tpl <-- www.amytravel.in /httpdocs/templates/admin send_newsletter.tpl
2011.02.12 14:37 B F:\httpdocs\templates\admin\settings.tpl <-- www.amytravel.in /httpdocs/templates/admin settings.tpl
2011.02.12 14:37 B F:\httpdocs\templates\admin\sitemap.tpl <-- www.amytravel.in /httpdocs/templates/admin sitemap.tpl
2011.02.12 14:37 B F:\httpdocs\templates\admin\sitemap_xml.tpl <-- www.amytravel.in /httpdocs/templates/admin sitemap_xml.tpl
2011.02.12 14:37 B F:\httpdocs\templates\admin\sortable.tpl <-- www.amytravel.in /httpdocs/templates/admin sortable.tpl
2011.02.12 14:37 B F:\httpdocs\templates\admin\states.tpl <-- www.amytravel.in /httpdocs/templates/admin states.tpl
2011.02.12 14:37 B F:\httpdocs\templates\admin\style.css <-- www.amytravel.in /httpdocs/templates/admin style.css
2011.02.12 14:37 B F:\httpdocs\templates\admin\subcategories.tpl <-- www.amytravel.in /httpdocs/templates/admin subcategories.tpl
2011.02.12 14:37 B F:\httpdocs\templates\admin\tabcontent.css <-- www.amytravel.in /httpdocs/templates/admin tabcontent.css
2011.02.12 14:37 B F:\httpdocs\templates\admin\transaction_details.tpl <-- www.amytravel.in /httpdocs/templates/admin transaction_details.tpl
2011.02.12 14:37 B F:\httpdocs\templates\admin\transactions.tpl <-- www.amytravel.in /httpdocs/templates/admin transactions.tpl
2011.02.12 14:37 B F:\httpdocs\templates\admin\types.tpl <-- www.amytravel.in /httpdocs/templates/admin types.tpl
2011.02.12 14:37 B F:\httpdocs\templates\admin\types_c.tpl <-- www.amytravel.in /httpdocs/templates/admin types_c.tpl
2011.02.12 14:37 B F:\httpdocs\templates\admin\upload_status.tpl <-- www.amytravel.in /httpdocs/templates/admin upload_status.tpl
2011.02.12 14:37 B F:\httpdocs\templates\admin\videos.tpl <-- www.amytravel.in /httpdocs/templates/admin videos.tpl
