2011.02.12 14:31 B F:\httpdocs\smarty\plugins\block.ajax_form.php <-- www.amytravel.in /httpdocs/smarty/plugins block.ajax_form.php
2011.02.12 14:31 B F:\httpdocs\smarty\plugins\block.textformat.php <-- www.amytravel.in /httpdocs/smarty/plugins block.textformat.php
2011.02.12 14:31 B F:\httpdocs\smarty\plugins\compiler.assign.php <-- www.amytravel.in /httpdocs/smarty/plugins compiler.assign.php
2011.02.12 14:31 B F:\httpdocs\smarty\plugins\function.admin2name.php <-- www.amytravel.in /httpdocs/smarty/plugins function.admin2name.php
2011.02.12 14:31 B F:\httpdocs\smarty\plugins\function.ajax_call.php <-- www.amytravel.in /httpdocs/smarty/plugins function.ajax_call.php
2011.02.12 14:31 B F:\httpdocs\smarty\plugins\function.ajax_update.php <-- www.amytravel.in /httpdocs/smarty/plugins function.ajax_update.php
2011.02.12 14:31 B F:\httpdocs\smarty\plugins\function.assign_debug_info.php <-- www.amytravel.in /httpdocs/smarty/plugins function.assign_debug_info.php
2011.02.12 14:31 B F:\httpdocs\smarty\plugins\function.category2name.php <-- www.amytravel.in /httpdocs/smarty/plugins function.category2name.php
2011.02.12 14:31 B F:\httpdocs\smarty\plugins\function.city2country.php <-- www.amytravel.in /httpdocs/smarty/plugins function.city2country.php
2011.02.12 14:31 B F:\httpdocs\smarty\plugins\function.config_load.php <-- www.amytravel.in /httpdocs/smarty/plugins function.config_load.php
2011.02.12 14:31 B F:\httpdocs\smarty\plugins\function.count_active_listings.php <-- www.amytravel.in /httpdocs/smarty/plugins function.count_active_listings.php
2011.02.12 14:31 B F:\httpdocs\smarty\plugins\function.count_cities.php <-- www.amytravel.in /httpdocs/smarty/plugins function.count_cities.php
2011.02.12 14:31 B F:\httpdocs\smarty\plugins\function.count_features.php <-- www.amytravel.in /httpdocs/smarty/plugins function.count_features.php
2011.02.12 14:31 B F:\httpdocs\smarty\plugins\function.count_images.php <-- www.amytravel.in /httpdocs/smarty/plugins function.count_images.php
2011.02.12 14:31 B F:\httpdocs\smarty\plugins\function.count_images_size.php <-- www.amytravel.in /httpdocs/smarty/plugins function.count_images_size.php
2011.02.12 14:31 B F:\httpdocs\smarty\plugins\function.count_listings.php <-- www.amytravel.in /httpdocs/smarty/plugins function.count_listings.php
2011.02.12 14:32 B F:\httpdocs\smarty\plugins\function.count_member_images.php <-- www.amytravel.in /httpdocs/smarty/plugins function.count_member_images.php
2011.02.12 14:32 B F:\httpdocs\smarty\plugins\function.count_member_listings.php <-- www.amytravel.in /httpdocs/smarty/plugins function.count_member_listings.php
2011.02.12 14:32 B F:\httpdocs\smarty\plugins\function.count_member_orders.php <-- www.amytravel.in /httpdocs/smarty/plugins function.count_member_orders.php
2011.02.12 14:32 B F:\httpdocs\smarty\plugins\function.count_member_videos.php <-- www.amytravel.in /httpdocs/smarty/plugins function.count_member_videos.php
2011.02.12 14:32 B F:\httpdocs\smarty\plugins\function.count_member_videos_size.php <-- www.amytravel.in /httpdocs/smarty/plugins function.count_member_videos_size.php
2011.02.12 14:32 B F:\httpdocs\smarty\plugins\function.count_packages.php <-- www.amytravel.in /httpdocs/smarty/plugins function.count_packages.php
2011.02.12 14:32 B F:\httpdocs\smarty\plugins\function.count_subcats.php <-- www.amytravel.in /httpdocs/smarty/plugins function.count_subcats.php
2011.02.12 14:32 B F:\httpdocs\smarty\plugins\function.count_videos.php <-- www.amytravel.in /httpdocs/smarty/plugins function.count_videos.php
2011.02.12 14:32 B F:\httpdocs\smarty\plugins\function.count_videos_size.php <-- www.amytravel.in /httpdocs/smarty/plugins function.count_videos_size.php
2011.02.12 14:32 B F:\httpdocs\smarty\plugins\function.counter.php <-- www.amytravel.in /httpdocs/smarty/plugins function.counter.php
2011.02.12 14:32 B F:\httpdocs\smarty\plugins\function.country2name.php <-- www.amytravel.in /httpdocs/smarty/plugins function.country2name.php
2011.02.12 14:32 B F:\httpdocs\smarty\plugins\function.cycle.php <-- www.amytravel.in /httpdocs/smarty/plugins function.cycle.php
2011.02.12 14:32 B F:\httpdocs\smarty\plugins\function.debug.php <-- www.amytravel.in /httpdocs/smarty/plugins function.debug.php
2011.02.12 14:32 B F:\httpdocs\smarty\plugins\function.eval.php <-- www.amytravel.in /httpdocs/smarty/plugins function.eval.php
2011.02.12 14:32 B F:\httpdocs\smarty\plugins\function.fetch.php <-- www.amytravel.in /httpdocs/smarty/plugins function.fetch.php
2011.02.12 14:32 B F:\httpdocs\smarty\plugins\function.fetch_listing.php <-- www.amytravel.in /httpdocs/smarty/plugins function.fetch_listing.php
2011.02.12 14:32 B F:\httpdocs\smarty\plugins\function.html_checkboxes.php <-- www.amytravel.in /httpdocs/smarty/plugins function.html_checkboxes.php
2011.02.12 14:32 B F:\httpdocs\smarty\plugins\function.html_image.php <-- www.amytravel.in /httpdocs/smarty/plugins function.html_image.php
2011.02.12 14:32 B F:\httpdocs\smarty\plugins\function.html_options.php <-- www.amytravel.in /httpdocs/smarty/plugins function.html_options.php
2011.02.12 14:32 B F:\httpdocs\smarty\plugins\function.html_radios.php <-- www.amytravel.in /httpdocs/smarty/plugins function.html_radios.php
2011.02.12 14:32 B F:\httpdocs\smarty\plugins\function.html_select_date.php <-- www.amytravel.in /httpdocs/smarty/plugins function.html_select_date.php
2011.02.12 14:32 B F:\httpdocs\smarty\plugins\function.html_select_time.php <-- www.amytravel.in /httpdocs/smarty/plugins function.html_select_time.php
2011.02.12 14:32 B F:\httpdocs\smarty\plugins\function.html_table.php <-- www.amytravel.in /httpdocs/smarty/plugins function.html_table.php
2011.02.12 14:32 B F:\httpdocs\smarty\plugins\function.listing2uri.php <-- www.amytravel.in /httpdocs/smarty/plugins function.listing2uri.php
2011.02.12 14:32 B F:\httpdocs\smarty\plugins\function.location2name.php <-- www.amytravel.in /httpdocs/smarty/plugins function.location2name.php
2011.02.12 14:32 B F:\httpdocs\smarty\plugins\function.mailto.php <-- www.amytravel.in /httpdocs/smarty/plugins function.mailto.php
2011.02.12 14:32 B F:\httpdocs\smarty\plugins\function.math.php <-- www.amytravel.in /httpdocs/smarty/plugins function.math.php
2011.02.12 14:32 B F:\httpdocs\smarty\plugins\function.member2name.php <-- www.amytravel.in /httpdocs/smarty/plugins function.member2name.php
2011.02.12 14:32 B F:\httpdocs\smarty\plugins\function.pagination.php <-- www.amytravel.in /httpdocs/smarty/plugins function.pagination.php
2011.02.12 14:32 B F:\httpdocs\smarty\plugins\function.parse_banner.php <-- www.amytravel.in /httpdocs/smarty/plugins function.parse_banner.php
2011.02.12 14:32 B F:\httpdocs\smarty\plugins\function.popup.php <-- www.amytravel.in /httpdocs/smarty/plugins function.popup.php
2011.02.12 14:32 B F:\httpdocs\smarty\plugins\function.popup_init.php <-- www.amytravel.in /httpdocs/smarty/plugins function.popup_init.php
2011.02.12 14:32 B F:\httpdocs\smarty\plugins\function.show_msg.php <-- www.amytravel.in /httpdocs/smarty/plugins function.show_msg.php
2011.02.12 14:33 B F:\httpdocs\smarty\plugins\function.state2name.php <-- www.amytravel.in /httpdocs/smarty/plugins function.state2name.php
2011.02.12 14:33 B F:\httpdocs\smarty\plugins\modifier.bbcode2html.php <-- www.amytravel.in /httpdocs/smarty/plugins modifier.bbcode2html.php
2011.02.12 14:33 B F:\httpdocs\smarty\plugins\modifier.capitalize.php <-- www.amytravel.in /httpdocs/smarty/plugins modifier.capitalize.php
2011.02.12 14:33 B F:\httpdocs\smarty\plugins\modifier.cat.php <-- www.amytravel.in /httpdocs/smarty/plugins modifier.cat.php
2011.02.12 14:33 B F:\httpdocs\smarty\plugins\modifier.count_characters.php <-- www.amytravel.in /httpdocs/smarty/plugins modifier.count_characters.php
2011.02.12 14:33 B F:\httpdocs\smarty\plugins\modifier.count_paragraphs.php <-- www.amytravel.in /httpdocs/smarty/plugins modifier.count_paragraphs.php
2011.02.12 14:33 B F:\httpdocs\smarty\plugins\modifier.count_sentences.php <-- www.amytravel.in /httpdocs/smarty/plugins modifier.count_sentences.php
2011.02.12 14:33 B F:\httpdocs\smarty\plugins\modifier.count_words.php <-- www.amytravel.in /httpdocs/smarty/plugins modifier.count_words.php
2011.02.12 14:33 B F:\httpdocs\smarty\plugins\modifier.date_format.php <-- www.amytravel.in /httpdocs/smarty/plugins modifier.date_format.php
2011.02.12 14:33 B F:\httpdocs\smarty\plugins\modifier.debug_print_var.php <-- www.amytravel.in /httpdocs/smarty/plugins modifier.debug_print_var.php
2011.02.12 14:33 B F:\httpdocs\smarty\plugins\modifier.default.php <-- www.amytravel.in /httpdocs/smarty/plugins modifier.default.php
2011.02.12 14:33 B F:\httpdocs\smarty\plugins\modifier.escape.php <-- www.amytravel.in /httpdocs/smarty/plugins modifier.escape.php
2011.02.12 14:33 B F:\httpdocs\smarty\plugins\modifier.indent.php <-- www.amytravel.in /httpdocs/smarty/plugins modifier.indent.php
2011.02.12 14:33 B F:\httpdocs\smarty\plugins\modifier.lower.php <-- www.amytravel.in /httpdocs/smarty/plugins modifier.lower.php
2011.02.12 14:33 B F:\httpdocs\smarty\plugins\modifier.money_format.php <-- www.amytravel.in /httpdocs/smarty/plugins modifier.money_format.php
2011.02.12 14:33 B F:\httpdocs\smarty\plugins\modifier.nl2br.php <-- www.amytravel.in /httpdocs/smarty/plugins modifier.nl2br.php
2011.02.12 14:33 B F:\httpdocs\smarty\plugins\modifier.regex_replace.php <-- www.amytravel.in /httpdocs/smarty/plugins modifier.regex_replace.php
2011.02.12 14:33 B F:\httpdocs\smarty\plugins\modifier.replace.php <-- www.amytravel.in /httpdocs/smarty/plugins modifier.replace.php
2011.02.12 14:33 B F:\httpdocs\smarty\plugins\modifier.spacify.php <-- www.amytravel.in /httpdocs/smarty/plugins modifier.spacify.php
2011.02.12 14:33 B F:\httpdocs\smarty\plugins\modifier.string_format.php <-- www.amytravel.in /httpdocs/smarty/plugins modifier.string_format.php
2011.02.12 14:33 B F:\httpdocs\smarty\plugins\modifier.strip.php <-- www.amytravel.in /httpdocs/smarty/plugins modifier.strip.php
2011.02.12 14:33 B F:\httpdocs\smarty\plugins\modifier.strip_tags.php <-- www.amytravel.in /httpdocs/smarty/plugins modifier.strip_tags.php
2011.02.12 14:33 B F:\httpdocs\smarty\plugins\modifier.stripslashes.php <-- www.amytravel.in /httpdocs/smarty/plugins modifier.stripslashes.php
2011.02.12 14:33 B F:\httpdocs\smarty\plugins\modifier.truncate.php <-- www.amytravel.in /httpdocs/smarty/plugins modifier.truncate.php
2011.02.12 14:33 B F:\httpdocs\smarty\plugins\modifier.upper.php <-- www.amytravel.in /httpdocs/smarty/plugins modifier.upper.php
2011.02.12 14:33 B F:\httpdocs\smarty\plugins\modifier.wordwrap.php <-- www.amytravel.in /httpdocs/smarty/plugins modifier.wordwrap.php
2011.02.12 14:33 B F:\httpdocs\smarty\plugins\modifier.xss.php <-- www.amytravel.in /httpdocs/smarty/plugins modifier.xss.php
2011.02.12 14:33 B F:\httpdocs\smarty\plugins\outputfilter.trimwhitespace.php <-- www.amytravel.in /httpdocs/smarty/plugins outputfilter.trimwhitespace.php
2011.02.12 14:33 B F:\httpdocs\smarty\plugins\resource.email.php <-- www.amytravel.in /httpdocs/smarty/plugins resource.email.php
2011.02.12 14:33 B F:\httpdocs\smarty\plugins\resource.email_subject.php <-- www.amytravel.in /httpdocs/smarty/plugins resource.email_subject.php
2011.02.12 14:33 B F:\httpdocs\smarty\plugins\shared.escape_special_chars.php <-- www.amytravel.in /httpdocs/smarty/plugins shared.escape_special_chars.php
2011.02.12 14:34 B F:\httpdocs\smarty\plugins\shared.make_timestamp.php <-- www.amytravel.in /httpdocs/smarty/plugins shared.make_timestamp.php
