2011.02.12 14:09 B F:\httpdocs\admin\admins.php <-- www.amytravel.in /httpdocs/admin admins.php
2011.02.12 14:09 B F:\httpdocs\admin\ads.php <-- www.amytravel.in /httpdocs/admin ads.php
2011.02.12 14:09 B F:\httpdocs\admin\ajax-list-countries.php <-- www.amytravel.in /httpdocs/admin ajax-list-countries.php
2011.02.12 14:09 B F:\httpdocs\admin\articles.php <-- www.amytravel.in /httpdocs/admin articles.php
2011.02.12 14:09 B F:\httpdocs\admin\backup.php <-- www.amytravel.in /httpdocs/admin backup.php
2011.02.12 14:09 B F:\httpdocs\admin\bookings.php <-- www.amytravel.in /httpdocs/admin bookings.php
2011.02.12 14:09 B F:\httpdocs\admin\categories.php <-- www.amytravel.in /httpdocs/admin categories.php
2011.02.12 14:09 B F:\httpdocs\admin\checklogin.php <-- www.amytravel.in /httpdocs/admin checklogin.php
2011.02.12 14:09 B F:\httpdocs\admin\common.php <-- www.amytravel.in /httpdocs/admin common.php
2011.02.12 14:09 B F:\httpdocs\admin\countries.php <-- www.amytravel.in /httpdocs/admin countries.php
2011.02.12 14:09 B F:\httpdocs\admin\currency.php <-- www.amytravel.in /httpdocs/admin currency.php
2011.02.12 14:09 B F:\httpdocs\admin\email_templates.php <-- www.amytravel.in /httpdocs/admin email_templates.php
2011.02.12 14:09 B F:\httpdocs\admin\images.php <-- www.amytravel.in /httpdocs/admin images.php
2011.02.12 14:09 B F:\httpdocs\admin\index.php <-- www.amytravel.in /httpdocs/admin index.php
2011.02.12 14:09 B F:\httpdocs\admin\languages.php <-- www.amytravel.in /httpdocs/admin languages.php
2011.02.12 14:09 B F:\httpdocs\admin\listings.php <-- www.amytravel.in /httpdocs/admin listings.php
2011.02.12 14:09 B F:\httpdocs\admin\locations.php <-- www.amytravel.in /httpdocs/admin locations.php
2011.02.12 14:09 B F:\httpdocs\admin\login.php <-- www.amytravel.in /httpdocs/admin login.php
2011.02.12 14:09 B F:\httpdocs\admin\main.php <-- www.amytravel.in /httpdocs/admin main.php
2011.02.12 14:09 B F:\httpdocs\admin\map.php <-- www.amytravel.in /httpdocs/admin map.php
2011.02.12 14:09 B F:\httpdocs\admin\marketing.php <-- www.amytravel.in /httpdocs/admin marketing.php
2011.02.12 14:09 B F:\httpdocs\admin\members.php <-- www.amytravel.in /httpdocs/admin members.php
2011.02.12 14:10 B F:\httpdocs\admin\menu.php <-- www.amytravel.in /httpdocs/admin menu.php
2011.02.12 14:10 B F:\httpdocs\admin\news.php <-- www.amytravel.in /httpdocs/admin news.php
2011.02.12 14:10 B F:\httpdocs\admin\packages.php <-- www.amytravel.in /httpdocs/admin packages.php
2011.02.12 14:10 B F:\httpdocs\admin\pages.php <-- www.amytravel.in /httpdocs/admin pages.php
2011.02.12 14:10 B F:\httpdocs\admin\payment_gw.php <-- www.amytravel.in /httpdocs/admin payment_gw.php
2011.02.12 14:10 B F:\httpdocs\admin\settings.php <-- www.amytravel.in /httpdocs/admin settings.php
2011.02.12 14:10 B F:\httpdocs\admin\sitemap_generator.php <-- www.amytravel.in /httpdocs/admin sitemap_generator.php
2011.02.12 14:10 B F:\httpdocs\admin\states.php <-- www.amytravel.in /httpdocs/admin states.php
2011.02.12 14:10 B F:\httpdocs\admin\thumbnail.php <-- www.amytravel.in /httpdocs/admin thumbnail.php
2011.02.12 14:10 B F:\httpdocs\admin\transactions.php <-- www.amytravel.in /httpdocs/admin transactions.php
2011.02.12 14:10 B F:\httpdocs\admin\types.php <-- www.amytravel.in /httpdocs/admin types.php
2011.02.12 14:10 B F:\httpdocs\admin\types_c.php <-- www.amytravel.in /httpdocs/admin types_c.php
2011.02.12 14:10 B F:\httpdocs\admin\upload.php <-- www.amytravel.in /httpdocs/admin upload.php
2011.02.12 14:10 B F:\httpdocs\admin\upload_video.php <-- www.amytravel.in /httpdocs/admin upload_video.php
2011.02.12 14:10 B F:\httpdocs\admin\video_thumbnail.php <-- www.amytravel.in /httpdocs/admin video_thumbnail.php
2011.02.12 14:10 B F:\httpdocs\admin\videos.php <-- www.amytravel.in /httpdocs/admin videos.php
