2011.02.12 14:37 B F:\httpdocs\templates\frontend\default\img\asc.gif <-- www.amytravel.in /httpdocs/templates/frontend/default/img asc.gif
2011.02.12 14:37 B F:\httpdocs\templates\frontend\default\img\bg.gif <-- www.amytravel.in /httpdocs/templates/frontend/default/img bg.gif
2011.02.12 14:37 B F:\httpdocs\templates\frontend\default\img\bg.png <-- www.amytravel.in /httpdocs/templates/frontend/default/img bg.png
2011.02.12 14:37 B F:\httpdocs\templates\frontend\default\img\bg_agent.gif <-- www.amytravel.in /httpdocs/templates/frontend/default/img bg_agent.gif
2011.02.12 14:38 B F:\httpdocs\templates\frontend\default\img\bg_estate.jpg <-- www.amytravel.in /httpdocs/templates/frontend/default/img bg_estate.jpg
2011.02.12 14:38 B F:\httpdocs\templates\frontend\default\img\bg_header.gif <-- www.amytravel.in /httpdocs/templates/frontend/default/img bg_header.gif
2011.02.12 14:38 B F:\httpdocs\templates\frontend\default\img\bg_hr.gif <-- www.amytravel.in /httpdocs/templates/frontend/default/img bg_hr.gif
2011.02.12 14:38 B F:\httpdocs\templates\frontend\default\img\bg_price.gif <-- www.amytravel.in /httpdocs/templates/frontend/default/img bg_price.gif
2011.02.12 14:38 B F:\httpdocs\templates\frontend\default\img\bg_print.jpg <-- www.amytravel.in /httpdocs/templates/frontend/default/img bg_print.jpg
2011.02.12 14:38 B F:\httpdocs\templates\frontend\default\img\booking_preview_bg.png <-- www.amytravel.in /httpdocs/templates/frontend/default/img booking_preview_bg.png
2011.02.12 14:38 B F:\httpdocs\templates\frontend\default\img\button_bg.jpg <-- www.amytravel.in /httpdocs/templates/frontend/default/img button_bg.jpg
2011.02.12 14:38 B F:\httpdocs\templates\frontend\default\img\calendar.gif <-- www.amytravel.in /httpdocs/templates/frontend/default/img calendar.gif
2011.02.12 14:38 B F:\httpdocs\templates\frontend\default\img\contact_icon.png <-- www.amytravel.in /httpdocs/templates/frontend/default/img contact_icon.png
2011.02.12 14:38 B F:\httpdocs\templates\frontend\default\img\contact_icon_small.png <-- www.amytravel.in /httpdocs/templates/frontend/default/img contact_icon_small.png
2011.02.12 14:38 B F:\httpdocs\templates\frontend\default\img\Copy of header_top.png <-- www.amytravel.in /httpdocs/templates/frontend/default/img Copy of header_top.png
2011.02.12 14:38 B F:\httpdocs\templates\frontend\default\img\desc.gif <-- www.amytravel.in /httpdocs/templates/frontend/default/img desc.gif
2011.02.12 14:38 B F:\httpdocs\templates\frontend\default\img\first.gif <-- www.amytravel.in /httpdocs/templates/frontend/default/img first.gif
2011.02.12 14:38 B F:\httpdocs\templates\frontend\default\img\full_size_header.jpg <-- www.amytravel.in /httpdocs/templates/frontend/default/img full_size_header.jpg
2011.02.12 14:38 B F:\httpdocs\templates\frontend\default\img\google_maps_icon.png <-- www.amytravel.in /httpdocs/templates/frontend/default/img google_maps_icon.png
2011.02.12 14:38 B F:\httpdocs\templates\frontend\default\img\google_maps_icon_small.png <-- www.amytravel.in /httpdocs/templates/frontend/default/img google_maps_icon_small.png
2011.02.12 14:38 B F:\httpdocs\templates\frontend\default\img\header-bg.gif <-- www.amytravel.in /httpdocs/templates/frontend/default/img header-bg.gif
2011.02.12 14:38 B F:\httpdocs\templates\frontend\default\img\header-selected-bg.gif <-- www.amytravel.in /httpdocs/templates/frontend/default/img header-selected-bg.gif
2011.02.12 14:38 B F:\httpdocs\templates\frontend\default\img\header.jpg <-- www.amytravel.in /httpdocs/templates/frontend/default/img header.jpg
2011.02.12 14:39 B F:\httpdocs\templates\frontend\default\img\header_top.png <-- www.amytravel.in /httpdocs/templates/frontend/default/img header_top.png
2011.02.12 14:39 B F:\httpdocs\templates\frontend\default\img\header_top_old.png <-- www.amytravel.in /httpdocs/templates/frontend/default/img header_top_old.png
2011.02.12 14:39 B F:\httpdocs\templates\frontend\default\img\house.jpg <-- www.amytravel.in /httpdocs/templates/frontend/default/img house.jpg
2011.02.12 14:39 B F:\httpdocs\templates\frontend\default\img\house1.jpg <-- www.amytravel.in /httpdocs/templates/frontend/default/img house1.jpg
2011.02.12 14:39 B F:\httpdocs\templates\frontend\default\img\icon_1.jpg <-- www.amytravel.in /httpdocs/templates/frontend/default/img icon_1.jpg
2011.02.12 14:39 B F:\httpdocs\templates\frontend\default\img\icon_2.jpg <-- www.amytravel.in /httpdocs/templates/frontend/default/img icon_2.jpg
2011.02.12 14:39 B F:\httpdocs\templates\frontend\default\img\img.gif <-- www.amytravel.in /httpdocs/templates/frontend/default/img img.gif
2011.02.12 14:39 B F:\httpdocs\templates\frontend\default\img\last.gif <-- www.amytravel.in /httpdocs/templates/frontend/default/img last.gif
2011.02.12 14:39 B F:\httpdocs\templates\frontend\default\img\loading.gif <-- www.amytravel.in /httpdocs/templates/frontend/default/img loading.gif
2011.02.12 14:39 B F:\httpdocs\templates\frontend\default\img\mailbox.jpg <-- www.amytravel.in /httpdocs/templates/frontend/default/img mailbox.jpg
2011.02.12 14:39 B F:\httpdocs\templates\frontend\default\img\next.gif <-- www.amytravel.in /httpdocs/templates/frontend/default/img next.gif
2011.02.12 14:39 B F:\httpdocs\templates\frontend\default\img\previous.gif <-- www.amytravel.in /httpdocs/templates/frontend/default/img previous.gif
2011.02.12 14:39 B F:\httpdocs\templates\frontend\default\img\required.gif <-- www.amytravel.in /httpdocs/templates/frontend/default/img required.gif
2011.02.12 14:39 B F:\httpdocs\templates\frontend\default\img\san.jpg <-- www.amytravel.in /httpdocs/templates/frontend/default/img san.jpg
2011.02.12 14:39 B F:\httpdocs\templates\frontend\default\img\search.png <-- www.amytravel.in /httpdocs/templates/frontend/default/img search.png
2011.02.12 14:39 B F:\httpdocs\templates\frontend\default\img\shade.gif <-- www.amytravel.in /httpdocs/templates/frontend/default/img shade.gif
2011.02.12 14:39 B F:\httpdocs\templates\frontend\default\img\shadeactive.gif <-- www.amytravel.in /httpdocs/templates/frontend/default/img shadeactive.gif
2011.02.12 14:39 B F:\httpdocs\templates\frontend\default\img\sort.gif <-- www.amytravel.in /httpdocs/templates/frontend/default/img sort.gif
2011.02.12 14:39 B F:\httpdocs\templates\frontend\default\img\submit.gif <-- www.amytravel.in /httpdocs/templates/frontend/default/img submit.gif
2011.02.12 14:39 B F:\httpdocs\templates\frontend\default\img\tableftJ.gif <-- www.amytravel.in /httpdocs/templates/frontend/default/img tableftJ.gif
2011.02.12 14:39 B F:\httpdocs\templates\frontend\default\img\tabrightJ.gif <-- www.amytravel.in /httpdocs/templates/frontend/default/img tabrightJ.gif
2011.02.12 14:39 B F:\httpdocs\templates\frontend\default\img\thumb.gif <-- www.amytravel.in /httpdocs/templates/frontend/default/img thumb.gif
