2011.02.12 14:12 B F:\httpdocs\includes\article.php <-- www.amytravel.in /httpdocs/includes article.php
2011.02.12 14:12 B F:\httpdocs\includes\authorizenet_lib.php <-- www.amytravel.in /httpdocs/includes authorizenet_lib.php
2011.02.12 14:12 B F:\httpdocs\includes\booking.php <-- www.amytravel.in /httpdocs/includes booking.php
2011.02.12 14:12 B F:\httpdocs\includes\category.php <-- www.amytravel.in /httpdocs/includes category.php
2011.02.12 14:12 B F:\httpdocs\includes\checklogin.php <-- www.amytravel.in /httpdocs/includes checklogin.php
2011.02.12 14:12 B F:\httpdocs\includes\contact.php <-- www.amytravel.in /httpdocs/includes contact.php
2011.02.12 14:12 B F:\httpdocs\includes\favourites.php <-- www.amytravel.in /httpdocs/includes favourites.php
2011.02.12 14:12 B F:\httpdocs\includes\forgot_pass.php <-- www.amytravel.in /httpdocs/includes forgot_pass.php
2011.02.12 14:12 B F:\httpdocs\includes\functions.php <-- www.amytravel.in /httpdocs/includes functions.php
2011.02.12 14:12 B F:\httpdocs\includes\getCities.php <-- www.amytravel.in /httpdocs/includes getCities.php
2011.02.12 14:12 B F:\httpdocs\includes\GoogleMapAPI.class.php <-- www.amytravel.in /httpdocs/includes GoogleMapAPI.class.php
2011.02.12 14:12 B F:\httpdocs\includes\interactive_map.php <-- www.amytravel.in /httpdocs/includes interactive_map.php
2011.02.12 14:13 B F:\httpdocs\includes\listing.php <-- www.amytravel.in /httpdocs/includes listing.php
2011.02.12 14:13 B F:\httpdocs\includes\location.php <-- www.amytravel.in /httpdocs/includes location.php
2011.02.12 14:13 B F:\httpdocs\includes\login.php <-- www.amytravel.in /httpdocs/includes login.php
2011.02.12 14:13 B F:\httpdocs\includes\main.php <-- www.amytravel.in /httpdocs/includes main.php
2011.02.12 14:13 B F:\httpdocs\includes\member.php <-- www.amytravel.in /httpdocs/includes member.php
2011.02.12 14:13 B F:\httpdocs\includes\member_orders.php <-- www.amytravel.in /httpdocs/includes member_orders.php
2011.02.12 14:13 B F:\httpdocs\includes\member_reservations.php <-- www.amytravel.in /httpdocs/includes member_reservations.php
2011.02.12 14:13 B F:\httpdocs\includes\mysqlbackup.class.php <-- www.amytravel.in /httpdocs/includes mysqlbackup.class.php
2011.02.12 14:13 B F:\httpdocs\includes\mysqlbackup_restore.php <-- www.amytravel.in /httpdocs/includes mysqlbackup_restore.php
2011.02.12 14:13 B F:\httpdocs\includes\news.php <-- www.amytravel.in /httpdocs/includes news.php
2011.02.12 14:13 B F:\httpdocs\includes\newsletter.php <-- www.amytravel.in /httpdocs/includes newsletter.php
2011.02.12 14:13 B F:\httpdocs\includes\page.php <-- www.amytravel.in /httpdocs/includes page.php
2011.02.12 14:13 B F:\httpdocs\includes\payment.php <-- www.amytravel.in /httpdocs/includes payment.php
2011.02.12 14:13 B F:\httpdocs\includes\payment_error.php <-- www.amytravel.in /httpdocs/includes payment_error.php
2011.02.12 14:13 B F:\httpdocs\includes\payment_success.php <-- www.amytravel.in /httpdocs/includes payment_success.php
2011.02.12 14:13 B F:\httpdocs\includes\preview_listing.php <-- www.amytravel.in /httpdocs/includes preview_listing.php
2011.02.12 14:13 B F:\httpdocs\includes\profile.php <-- www.amytravel.in /httpdocs/includes profile.php
2011.02.12 14:13 B F:\httpdocs\includes\random_image.php <-- www.amytravel.in /httpdocs/includes random_image.php
2011.02.12 14:13 B F:\httpdocs\includes\register.php <-- www.amytravel.in /httpdocs/includes register.php
2011.02.12 14:13 B F:\httpdocs\includes\rss.php <-- www.amytravel.in /httpdocs/includes rss.php
2011.02.12 14:13 B F:\httpdocs\includes\rss_writer_class.php <-- www.amytravel.in /httpdocs/includes rss_writer_class.php
2011.02.12 14:13 B F:\httpdocs\includes\search.php <-- www.amytravel.in /httpdocs/includes search.php
2011.02.12 14:13 B F:\httpdocs\includes\thumb.class.php <-- www.amytravel.in /httpdocs/includes thumb.class.php
2011.02.12 14:13 B F:\httpdocs\includes\xmlwriterclass.php <-- www.amytravel.in /httpdocs/includes xmlwriterclass.php
2011.02.12 14:13 B F:\httpdocs\includes\zip.lib.php <-- www.amytravel.in /httpdocs/includes zip.lib.php
