2011.02.12 14:39 B F:\httpdocs\templates\frontend\default\advanced_search.tpl <-- www.amytravel.in /httpdocs/templates/frontend/default advanced_search.tpl
2011.02.12 14:39 B F:\httpdocs\templates\frontend\default\article.tpl <-- www.amytravel.in /httpdocs/templates/frontend/default article.tpl
2011.02.12 14:39 B F:\httpdocs\templates\frontend\default\booking_change.tpl <-- www.amytravel.in /httpdocs/templates/frontend/default booking_change.tpl
2011.02.12 14:39 B F:\httpdocs\templates\frontend\default\booking_confirmed.tpl <-- www.amytravel.in /httpdocs/templates/frontend/default booking_confirmed.tpl
2011.02.12 14:39 B F:\httpdocs\templates\frontend\default\booking_review.tpl <-- www.amytravel.in /httpdocs/templates/frontend/default booking_review.tpl
2011.02.12 14:39 B F:\httpdocs\templates\frontend\default\contact.tpl <-- www.amytravel.in /httpdocs/templates/frontend/default contact.tpl
2011.02.12 14:39 B F:\httpdocs\templates\frontend\default\errors.tpl <-- www.amytravel.in /httpdocs/templates/frontend/default errors.tpl
2011.02.12 14:39 B F:\httpdocs\templates\frontend\default\favourites.tpl <-- www.amytravel.in /httpdocs/templates/frontend/default favourites.tpl
2011.02.12 14:40 B F:\httpdocs\templates\frontend\default\favourites_box.tpl <-- www.amytravel.in /httpdocs/templates/frontend/default favourites_box.tpl
2011.02.12 14:40 B F:\httpdocs\templates\frontend\default\flvplayer.tpl <-- www.amytravel.in /httpdocs/templates/frontend/default flvplayer.tpl
2011.02.12 14:40 B F:\httpdocs\templates\frontend\default\footer.tpl <-- www.amytravel.in /httpdocs/templates/frontend/default footer.tpl
2011.02.12 14:40 B F:\httpdocs\templates\frontend\default\forgot_pass.tpl <-- www.amytravel.in /httpdocs/templates/frontend/default forgot_pass.tpl
2011.02.12 14:40 B F:\httpdocs\templates\frontend\default\header.tpl <-- www.amytravel.in /httpdocs/templates/frontend/default header.tpl
2011.02.12 14:40 B F:\httpdocs\templates\frontend\default\html_editor.tpl <-- www.amytravel.in /httpdocs/templates/frontend/default html_editor.tpl
2011.02.12 14:40 B F:\httpdocs\templates\frontend\default\index.tpl <-- www.amytravel.in /httpdocs/templates/frontend/default index.tpl
2011.02.12 14:40 B F:\httpdocs\templates\frontend\default\interactive_map.tpl <-- www.amytravel.in /httpdocs/templates/frontend/default interactive_map.tpl
2011.02.12 14:40 B F:\httpdocs\templates\frontend\default\left.tpl <-- www.amytravel.in /httpdocs/templates/frontend/default left.tpl
2011.02.12 14:40 B F:\httpdocs\templates\frontend\default\left_categories_box.tpl <-- www.amytravel.in /httpdocs/templates/frontend/default left_categories_box.tpl
2011.02.12 14:40 B F:\httpdocs\templates\frontend\default\list_listings.tpl <-- www.amytravel.in /httpdocs/templates/frontend/default list_listings.tpl
2011.02.12 14:40 B F:\httpdocs\templates\frontend\default\listing.tpl <-- www.amytravel.in /httpdocs/templates/frontend/default listing.tpl
2011.02.12 14:40 B F:\httpdocs\templates\frontend\default\listing_contact.tpl <-- www.amytravel.in /httpdocs/templates/frontend/default listing_contact.tpl
2011.02.12 14:40 B F:\httpdocs\templates\frontend\default\listing_details.tpl <-- www.amytravel.in /httpdocs/templates/frontend/default listing_details.tpl
2011.02.12 14:40 B F:\httpdocs\templates\frontend\default\listing_gallery.tpl <-- www.amytravel.in /httpdocs/templates/frontend/default listing_gallery.tpl
2011.02.12 14:40 B F:\httpdocs\templates\frontend\default\listing_map.tpl <-- www.amytravel.in /httpdocs/templates/frontend/default listing_map.tpl
2011.02.12 14:40 B F:\httpdocs\templates\frontend\default\listing_reservation.tpl <-- www.amytravel.in /httpdocs/templates/frontend/default listing_reservation.tpl
2011.02.12 14:40 B F:\httpdocs\templates\frontend\default\listing_video.tpl <-- www.amytravel.in /httpdocs/templates/frontend/default listing_video.tpl
2011.02.12 14:40 B F:\httpdocs\templates\frontend\default\login_box.tpl <-- www.amytravel.in /httpdocs/templates/frontend/default login_box.tpl
2011.02.12 14:40 B F:\httpdocs\templates\frontend\default\map_listing_baloon.tpl <-- www.amytravel.in /httpdocs/templates/frontend/default map_listing_baloon.tpl
2011.02.12 14:40 B F:\httpdocs\templates\frontend\default\member_box.tpl <-- www.amytravel.in /httpdocs/templates/frontend/default member_box.tpl
2011.02.12 14:40 B F:\httpdocs\templates\frontend\default\member_edit_profile.tpl <-- www.amytravel.in /httpdocs/templates/frontend/default member_edit_profile.tpl
2011.02.12 14:40 B F:\httpdocs\templates\frontend\default\member_index.tpl <-- www.amytravel.in /httpdocs/templates/frontend/default member_index.tpl
2011.02.12 14:40 B F:\httpdocs\templates\frontend\default\member_login.tpl <-- www.amytravel.in /httpdocs/templates/frontend/default member_login.tpl
2011.02.12 14:40 B F:\httpdocs\templates\frontend\default\member_menu.tpl <-- www.amytravel.in /httpdocs/templates/frontend/default member_menu.tpl
2011.02.12 14:40 B F:\httpdocs\templates\frontend\default\member_orders.tpl <-- www.amytravel.in /httpdocs/templates/frontend/default member_orders.tpl
2011.02.12 14:40 B F:\httpdocs\templates\frontend\default\member_reservations.tpl <-- www.amytravel.in /httpdocs/templates/frontend/default member_reservations.tpl
2011.02.12 14:40 B F:\httpdocs\templates\frontend\default\news.tpl <-- www.amytravel.in /httpdocs/templates/frontend/default news.tpl
2011.02.12 14:40 B F:\httpdocs\templates\frontend\default\newsletter.tpl <-- www.amytravel.in /httpdocs/templates/frontend/default newsletter.tpl
2011.02.12 14:40 B F:\httpdocs\templates\frontend\default\newsletter_box.tpl <-- www.amytravel.in /httpdocs/templates/frontend/default newsletter_box.tpl
2011.02.12 14:40 B F:\httpdocs\templates\frontend\default\page.tpl <-- www.amytravel.in /httpdocs/templates/frontend/default page.tpl
2011.02.12 14:40 B F:\httpdocs\templates\frontend\default\payment_2checkout.tpl <-- www.amytravel.in /httpdocs/templates/frontend/default payment_2checkout.tpl
2011.02.12 14:41 B F:\httpdocs\templates\frontend\default\payment_authorize.tpl <-- www.amytravel.in /httpdocs/templates/frontend/default payment_authorize.tpl
2011.02.12 14:41 B F:\httpdocs\templates\frontend\default\payment_bank_wire.tpl <-- www.amytravel.in /httpdocs/templates/frontend/default payment_bank_wire.tpl
2011.02.12 14:41 B F:\httpdocs\templates\frontend\default\payment_completed.tpl <-- www.amytravel.in /httpdocs/templates/frontend/default payment_completed.tpl
2011.02.12 14:41 B F:\httpdocs\templates\frontend\default\payment_error.tpl <-- www.amytravel.in /httpdocs/templates/frontend/default payment_error.tpl
2011.02.12 14:41 B F:\httpdocs\templates\frontend\default\payment_paypal.tpl <-- www.amytravel.in /httpdocs/templates/frontend/default payment_paypal.tpl
2011.02.12 14:41 B F:\httpdocs\templates\frontend\default\print_listing.tpl <-- www.amytravel.in /httpdocs/templates/frontend/default print_listing.tpl
2011.02.12 14:41 B F:\httpdocs\templates\frontend\default\register.tpl <-- www.amytravel.in /httpdocs/templates/frontend/default register.tpl
2011.02.12 14:41 B F:\httpdocs\templates\frontend\default\right.tpl <-- www.amytravel.in /httpdocs/templates/frontend/default right.tpl
2011.02.12 14:41 B F:\httpdocs\templates\frontend\default\round_corner_bottom.tpl <-- www.amytravel.in /httpdocs/templates/frontend/default round_corner_bottom.tpl
2011.02.12 14:41 B F:\httpdocs\templates\frontend\default\round_corner_top.tpl <-- www.amytravel.in /httpdocs/templates/frontend/default round_corner_top.tpl
2011.02.12 14:41 B F:\httpdocs\templates\frontend\default\search_box.tpl <-- www.amytravel.in /httpdocs/templates/frontend/default search_box.tpl
2011.02.12 14:41 B F:\httpdocs\templates\frontend\default\send_listing.tpl <-- www.amytravel.in /httpdocs/templates/frontend/default send_listing.tpl
2011.02.12 14:41 B F:\httpdocs\templates\frontend\default\sortable.tpl <-- www.amytravel.in /httpdocs/templates/frontend/default sortable.tpl
